<?xml version="1.0" encoding="UTF-8"?>
<!-- Generated by org.testng.reporters.JUnitReportReporter -->
<testsuite hostname="DESKTOP-KKDT01F" failures="0" tests="3" name="com.testng.Amazon_TestNGParameter3BaseCO_WDM2" time="59.136" errors="0" timestamp="2022-11-17T05:06:07 IST" skipped="0">
  <testcase classname="com.testng.Amazon_TestNGParameter3BaseCO_WDM2" name="select_from_dropdown" time="2.988"/>
  <system-out/>
  <testcase classname="com.testng.Amazon_TestNGParameter3BaseCO_WDM2" name="send_the_value" time="2.337"/>
  <system-out/>
  <testcase classname="com.testng.Amazon_TestNGParameter3BaseCO_WDM2" name="find_the_exact_searchvalue_in_the_suggestion_click" time="53.811"/>
  <system-out/>
</testsuite> <!-- com.testng.Amazon_TestNGParameter3BaseCO_WDM2 -->
